{"C:\\Users\\e040042\\Documents\\Boootcamp_files\\CaseStudy project\\caseStudy_v3\\casestudy_backend\\authentication_service\\app.js": {"path":"C:\\Users\\e040042\\Documents\\Boootcamp_files\\CaseStudy project\\caseStudy_v3\\casestudy_backend\\authentication_service\\app.js","statementMap":{"0":{"start":{"line":1,"column":16},"end":{"line":1,"column":34}},"1":{"start":{"line":2,"column":11},"end":{"line":2,"column":26}},"2":{"start":{"line":3,"column":11},"end":{"line":3,"column":26}},"3":{"start":{"line":4,"column":19},"end":{"line":4,"column":49}},"4":{"start":{"line":5,"column":27},"end":{"line":5,"column":70}},"5":{"start":{"line":6,"column":22},"end":{"line":6,"column":55}},"6":{"start":{"line":7,"column":18},"end":{"line":7,"column":58}},"7":{"start":{"line":8,"column":12},"end":{"line":8,"column":21}},"8":{"start":{"line":9,"column":0},"end":{"line":9,"column":16}},"9":{"start":{"line":10,"column":0},"end":{"line":10,"column":24}},"10":{"start":{"line":11,"column":0},"end":{"line":11,"column":29}},"11":{"start":{"line":13,"column":0},"end":{"line":13,"column":48}},"12":{"start":{"line":14,"column":0},"end":{"line":14,"column":42}},"13":{"start":{"line":15,"column":0},"end":{"line":15,"column":36}},"14":{"start":{"line":16,"column":0},"end":{"line":16,"column":30}},"15":{"start":{"line":17,"column":0},"end":{"line":17,"column":21}}},"fnMap":{},"branchMap":{},"s":{"0":2,"1":2,"2":2,"3":2,"4":2,"5":2,"6":2,"7":2,"8":2,"9":2,"10":2,"11":2,"12":2,"13":2,"14":2,"15":2},"f":{},"b":{},"_coverageSchema":"1a1c01bbd47fc00a2c39e90264f33305004495a9","hash":"455a325a14f7237a1e4487dd0ae46238e92ec08a"}
,"C:\\Users\\e040042\\Documents\\Boootcamp_files\\CaseStudy project\\caseStudy_v3\\casestudy_backend\\authentication_service\\controllers\\admincontroller.js": {"path":"C:\\Users\\e040042\\Documents\\Boootcamp_files\\CaseStudy project\\caseStudy_v3\\casestudy_backend\\authentication_service\\controllers\\admincontroller.js","statementMap":{"0":{"start":{"line":1,"column":16},"end":{"line":1,"column":34}},"1":{"start":{"line":2,"column":15},"end":{"line":2,"column":32}},"2":{"start":{"line":3,"column":12},"end":{"line":3,"column":35}},"3":{"start":{"line":4,"column":25},"end":{"line":4,"column":50}},"4":{"start":{"line":6,"column":15},"end":{"line":6,"column":33}},"5":{"start":{"line":7,"column":15},"end":{"line":7,"column":31}},"6":{"start":{"line":10,"column":0},"end":{"line":31,"column":3}},"7":{"start":{"line":11,"column":37},"end":{"line":11,"column":45}},"8":{"start":{"line":13,"column":4},"end":{"line":30,"column":5}},"9":{"start":{"line":15,"column":30},"end":{"line":15,"column":81}},"10":{"start":{"line":16,"column":8},"end":{"line":18,"column":9}},"11":{"start":{"line":17,"column":12},"end":{"line":17,"column":77}},"12":{"start":{"line":21,"column":31},"end":{"line":21,"column":62}},"13":{"start":{"line":22,"column":22},"end":{"line":24,"column":10}},"14":{"start":{"line":26,"column":8},"end":{"line":26,"column":82}},"15":{"start":{"line":28,"column":8},"end":{"line":28,"column":57}},"16":{"start":{"line":29,"column":8},"end":{"line":29,"column":67}},"17":{"start":{"line":34,"column":0},"end":{"line":58,"column":3}},"18":{"start":{"line":35,"column":32},"end":{"line":35,"column":40}},"19":{"start":{"line":37,"column":4},"end":{"line":57,"column":5}},"20":{"start":{"line":39,"column":22},"end":{"line":39,"column":73}},"21":{"start":{"line":40,"column":8},"end":{"line":42,"column":9}},"22":{"start":{"line":41,"column":12},"end":{"line":41,"column":82}},"23":{"start":{"line":45,"column":30},"end":{"line":45,"column":76}},"24":{"start":{"line":46,"column":8},"end":{"line":48,"column":9}},"25":{"start":{"line":47,"column":12},"end":{"line":47,"column":82}},"26":{"start":{"line":51,"column":22},"end":{"line":51,"column":98}},"27":{"start":{"line":53,"column":8},"end":{"line":53,"column":75}},"28":{"start":{"line":55,"column":8},"end":{"line":55,"column":56}},"29":{"start":{"line":56,"column":8},"end":{"line":56,"column":67}},"30":{"start":{"line":60,"column":0},"end":{"line":60,"column":24}}},"fnMap":{"0":{"name":"(anonymous_0)","decl":{"start":{"line":10,"column":25},"end":{"line":10,"column":26}},"loc":{"start":{"line":10,"column":45},"end":{"line":31,"column":1}},"line":10},"1":{"name":"(anonymous_1)","decl":{"start":{"line":34,"column":22},"end":{"line":34,"column":23}},"loc":{"start":{"line":34,"column":42},"end":{"line":58,"column":1}},"line":34}},"branchMap":{"0":{"loc":{"start":{"line":16,"column":8},"end":{"line":18,"column":9}},"type":"if","locations":[{"start":{"line":16,"column":8},"end":{"line":18,"column":9}},{"start":{},"end":{}}],"line":16},"1":{"loc":{"start":{"line":40,"column":8},"end":{"line":42,"column":9}},"type":"if","locations":[{"start":{"line":40,"column":8},"end":{"line":42,"column":9}},{"start":{},"end":{}}],"line":40},"2":{"loc":{"start":{"line":46,"column":8},"end":{"line":48,"column":9}},"type":"if","locations":[{"start":{"line":46,"column":8},"end":{"line":48,"column":9}},{"start":{},"end":{}}],"line":46}},"s":{"0":2,"1":2,"2":2,"3":2,"4":2,"5":2,"6":2,"7":2,"8":2,"9":2,"10":2,"11":1,"12":1,"13":1,"14":1,"15":0,"16":0,"17":2,"18":2,"19":2,"20":2,"21":2,"22":0,"23":2,"24":2,"25":1,"26":1,"27":1,"28":0,"29":0,"30":2},"f":{"0":2,"1":2},"b":{"0":[1,1],"1":[0,2],"2":[1,1]},"_coverageSchema":"1a1c01bbd47fc00a2c39e90264f33305004495a9","hash":"8b77a21bfe818e0cdb11ca75263d687b2c907dc2"}
,"C:\\Users\\e040042\\Documents\\Boootcamp_files\\CaseStudy project\\caseStudy_v3\\casestudy_backend\\authentication_service\\controllers\\authcontroller.js": {"path":"C:\\Users\\e040042\\Documents\\Boootcamp_files\\CaseStudy project\\caseStudy_v3\\casestudy_backend\\authentication_service\\controllers\\authcontroller.js","statementMap":{"0":{"start":{"line":2,"column":15},"end":{"line":2,"column":32}},"1":{"start":{"line":3,"column":12},"end":{"line":3,"column":35}},"2":{"start":{"line":4,"column":25},"end":{"line":4,"column":50}},"3":{"start":{"line":5,"column":25},"end":{"line":5,"column":57}},"4":{"start":{"line":7,"column":15},"end":{"line":7,"column":33}},"5":{"start":{"line":9,"column":17},"end":{"line":41,"column":1}},"6":{"start":{"line":10,"column":4},"end":{"line":40,"column":5}},"7":{"start":{"line":11,"column":71},"end":{"line":11,"column":79}},"8":{"start":{"line":12,"column":30},"end":{"line":12,"column":61}},"9":{"start":{"line":15,"column":20},"end":{"line":15,"column":63}},"10":{"start":{"line":17,"column":25},"end":{"line":28,"column":10}},"11":{"start":{"line":30,"column":8},"end":{"line":30,"column":59}},"12":{"start":{"line":32,"column":8},"end":{"line":32,"column":78}},"13":{"start":{"line":33,"column":8},"end":{"line":33,"column":32}},"14":{"start":{"line":35,"column":8},"end":{"line":35,"column":123}},"15":{"start":{"line":38,"column":8},"end":{"line":38,"column":60}},"16":{"start":{"line":39,"column":8},"end":{"line":39,"column":79}},"17":{"start":{"line":43,"column":14},"end":{"line":62,"column":1}},"18":{"start":{"line":44,"column":4},"end":{"line":61,"column":5}},"19":{"start":{"line":45,"column":36},"end":{"line":45,"column":44}},"20":{"start":{"line":46,"column":25},"end":{"line":46,"column":79}},"21":{"start":{"line":48,"column":8},"end":{"line":50,"column":9}},"22":{"start":{"line":49,"column":12},"end":{"line":49,"column":76}},"23":{"start":{"line":52,"column":8},"end":{"line":54,"column":9}},"24":{"start":{"line":53,"column":12},"end":{"line":53,"column":100}},"25":{"start":{"line":56,"column":22},"end":{"line":56,"column":96}},"26":{"start":{"line":57,"column":8},"end":{"line":57,"column":28}},"27":{"start":{"line":59,"column":8},"end":{"line":59,"column":50}},"28":{"start":{"line":60,"column":8},"end":{"line":60,"column":69}},"29":{"start":{"line":64,"column":27},"end":{"line":88,"column":1}},"30":{"start":{"line":65,"column":4},"end":{"line":87,"column":5}},"31":{"start":{"line":66,"column":31},"end":{"line":66,"column":39}},"32":{"start":{"line":67,"column":25},"end":{"line":67,"column":79}},"33":{"start":{"line":69,"column":8},"end":{"line":71,"column":9}},"34":{"start":{"line":70,"column":12},"end":{"line":70,"column":75}},"35":{"start":{"line":73,"column":8},"end":{"line":83,"column":9}},"36":{"start":{"line":74,"column":12},"end":{"line":77,"column":15}},"37":{"start":{"line":79,"column":12},"end":{"line":79,"column":102}},"38":{"start":{"line":82,"column":12},"end":{"line":82,"column":61}},"39":{"start":{"line":85,"column":8},"end":{"line":85,"column":53}},"40":{"start":{"line":86,"column":8},"end":{"line":86,"column":72}},"41":{"start":{"line":90,"column":0},"end":{"line":90,"column":51}}},"fnMap":{"0":{"name":"(anonymous_0)","decl":{"start":{"line":9,"column":17},"end":{"line":9,"column":18}},"loc":{"start":{"line":9,"column":37},"end":{"line":41,"column":1}},"line":9},"1":{"name":"(anonymous_1)","decl":{"start":{"line":43,"column":14},"end":{"line":43,"column":15}},"loc":{"start":{"line":43,"column":34},"end":{"line":62,"column":1}},"line":43},"2":{"name":"(anonymous_2)","decl":{"start":{"line":64,"column":27},"end":{"line":64,"column":28}},"loc":{"start":{"line":64,"column":47},"end":{"line":88,"column":1}},"line":64}},"branchMap":{"0":{"loc":{"start":{"line":48,"column":8},"end":{"line":50,"column":9}},"type":"if","locations":[{"start":{"line":48,"column":8},"end":{"line":50,"column":9}},{"start":{},"end":{}}],"line":48},"1":{"loc":{"start":{"line":48,"column":12},"end":{"line":48,"column":75}},"type":"binary-expr","locations":[{"start":{"line":48,"column":12},"end":{"line":48,"column":21}},{"start":{"line":48,"column":25},"end":{"line":48,"column":75}}],"line":48},"2":{"loc":{"start":{"line":52,"column":8},"end":{"line":54,"column":9}},"type":"if","locations":[{"start":{"line":52,"column":8},"end":{"line":54,"column":9}},{"start":{},"end":{}}],"line":52},"3":{"loc":{"start":{"line":69,"column":8},"end":{"line":71,"column":9}},"type":"if","locations":[{"start":{"line":69,"column":8},"end":{"line":71,"column":9}},{"start":{},"end":{}}],"line":69},"4":{"loc":{"start":{"line":73,"column":8},"end":{"line":83,"column":9}},"type":"if","locations":[{"start":{"line":73,"column":8},"end":{"line":83,"column":9}},{"start":{"line":81,"column":15},"end":{"line":83,"column":9}}],"line":73}},"s":{"0":2,"1":2,"2":2,"3":2,"4":2,"5":2,"6":1,"7":1,"8":1,"9":1,"10":1,"11":1,"12":1,"13":1,"14":1,"15":0,"16":0,"17":2,"18":1,"19":1,"20":1,"21":1,"22":0,"23":1,"24":0,"25":1,"26":1,"27":0,"28":0,"29":2,"30":1,"31":1,"32":1,"33":1,"34":0,"35":1,"36":1,"37":1,"38":0,"39":0,"40":0,"41":2},"f":{"0":1,"1":1,"2":1},"b":{"0":[0,1],"1":[1,1],"2":[0,1],"3":[0,1],"4":[1,0]},"_coverageSchema":"1a1c01bbd47fc00a2c39e90264f33305004495a9","hash":"e4c34edb864823dc58ee0871ece15e8a11df98c3"}
,"C:\\Users\\e040042\\Documents\\Boootcamp_files\\CaseStudy project\\caseStudy_v3\\casestudy_backend\\authentication_service\\controllers\\documentcontroller.js": {"path":"C:\\Users\\e040042\\Documents\\Boootcamp_files\\CaseStudy project\\caseStudy_v3\\casestudy_backend\\authentication_service\\controllers\\documentcontroller.js","statementMap":{"0":{"start":{"line":1,"column":16},"end":{"line":1,"column":34}},"1":{"start":{"line":2,"column":15},"end":{"line":2,"column":32}},"2":{"start":{"line":3,"column":13},"end":{"line":3,"column":28}},"3":{"start":{"line":4,"column":11},"end":{"line":4,"column":24}},"4":{"start":{"line":5,"column":25},"end":{"line":5,"column":50}},"5":{"start":{"line":7,"column":15},"end":{"line":7,"column":33}},"6":{"start":{"line":8,"column":15},"end":{"line":8,"column":31}},"7":{"start":{"line":11,"column":16},"end":{"line":22,"column":2}},"8":{"start":{"line":13,"column":26},"end":{"line":13,"column":57}},"9":{"start":{"line":14,"column":8},"end":{"line":16,"column":9}},"10":{"start":{"line":15,"column":12},"end":{"line":15,"column":57}},"11":{"start":{"line":17,"column":8},"end":{"line":17,"column":28}},"12":{"start":{"line":20,"column":8},"end":{"line":20,"column":55}},"13":{"start":{"line":24,"column":15},"end":{"line":24,"column":34}},"14":{"start":{"line":27,"column":21},"end":{"line":42,"column":1}},"15":{"start":{"line":28,"column":4},"end":{"line":41,"column":5}},"16":{"start":{"line":29,"column":8},"end":{"line":29,"column":32}},"17":{"start":{"line":30,"column":25},"end":{"line":36,"column":10}},"18":{"start":{"line":37,"column":8},"end":{"line":37,"column":24}},"19":{"start":{"line":39,"column":8},"end":{"line":39,"column":55}},"20":{"start":{"line":40,"column":8},"end":{"line":40,"column":50}},"21":{"start":{"line":45,"column":0},"end":{"line":62,"column":3}},"22":{"start":{"line":46,"column":4},"end":{"line":61,"column":5}},"23":{"start":{"line":47,"column":27},"end":{"line":47,"column":47}},"24":{"start":{"line":48,"column":8},"end":{"line":48,"column":32}},"25":{"start":{"line":49,"column":8},"end":{"line":52,"column":9}},"26":{"start":{"line":50,"column":12},"end":{"line":50,"column":46}},"27":{"start":{"line":51,"column":12},"end":{"line":51,"column":73}},"28":{"start":{"line":54,"column":25},"end":{"line":54,"column":38}},"29":{"start":{"line":55,"column":25},"end":{"line":55,"column":65}},"30":{"start":{"line":57,"column":8},"end":{"line":57,"column":86}},"31":{"start":{"line":59,"column":8},"end":{"line":59,"column":62}},"32":{"start":{"line":60,"column":8},"end":{"line":60,"column":89}},"33":{"start":{"line":64,"column":0},"end":{"line":64,"column":24}}},"fnMap":{"0":{"name":"(anonymous_0)","decl":{"start":{"line":12,"column":17},"end":{"line":12,"column":18}},"loc":{"start":{"line":12,"column":42},"end":{"line":18,"column":5}},"line":12},"1":{"name":"(anonymous_1)","decl":{"start":{"line":19,"column":14},"end":{"line":19,"column":15}},"loc":{"start":{"line":19,"column":39},"end":{"line":21,"column":5}},"line":19},"2":{"name":"(anonymous_2)","decl":{"start":{"line":27,"column":21},"end":{"line":27,"column":22}},"loc":{"start":{"line":27,"column":53},"end":{"line":42,"column":1}},"line":27},"3":{"name":"(anonymous_3)","decl":{"start":{"line":45,"column":50},"end":{"line":45,"column":51}},"loc":{"start":{"line":45,"column":70},"end":{"line":62,"column":1}},"line":45}},"branchMap":{"0":{"loc":{"start":{"line":14,"column":8},"end":{"line":16,"column":9}},"type":"if","locations":[{"start":{"line":14,"column":8},"end":{"line":16,"column":9}},{"start":{},"end":{}}],"line":14},"1":{"loc":{"start":{"line":49,"column":8},"end":{"line":52,"column":9}},"type":"if","locations":[{"start":{"line":49,"column":8},"end":{"line":52,"column":9}},{"start":{},"end":{}}],"line":49}},"s":{"0":2,"1":2,"2":2,"3":2,"4":2,"5":2,"6":2,"7":2,"8":1,"9":1,"10":0,"11":1,"12":1,"13":2,"14":2,"15":1,"16":1,"17":1,"18":1,"19":0,"20":0,"21":2,"22":1,"23":1,"24":1,"25":1,"26":0,"27":0,"28":1,"29":1,"30":1,"31":0,"32":0,"33":2},"f":{"0":1,"1":1,"2":1,"3":1},"b":{"0":[0,1],"1":[0,1]},"_coverageSchema":"1a1c01bbd47fc00a2c39e90264f33305004495a9","hash":"936f2387eee940823fbcde96bb0d63e614250193"}
,"C:\\Users\\e040042\\Documents\\Boootcamp_files\\CaseStudy project\\caseStudy_v3\\casestudy_backend\\authentication_service\\controllers\\servicecontroller.js": {"path":"C:\\Users\\e040042\\Documents\\Boootcamp_files\\CaseStudy project\\caseStudy_v3\\casestudy_backend\\authentication_service\\controllers\\servicecontroller.js","statementMap":{"0":{"start":{"line":2,"column":25},"end":{"line":2,"column":50}},"1":{"start":{"line":3,"column":15},"end":{"line":3,"column":33}},"2":{"start":{"line":4,"column":18},"end":{"line":4,"column":50}},"3":{"start":{"line":6,"column":23},"end":{"line":17,"column":1}},"4":{"start":{"line":7,"column":4},"end":{"line":16,"column":5}},"5":{"start":{"line":8,"column":25},"end":{"line":12,"column":10}},"6":{"start":{"line":13,"column":8},"end":{"line":13,"column":39}},"7":{"start":{"line":15,"column":8},"end":{"line":15,"column":80}},"8":{"start":{"line":19,"column":22},"end":{"line":36,"column":1}},"9":{"start":{"line":20,"column":35},"end":{"line":20,"column":43}},"10":{"start":{"line":21,"column":4},"end":{"line":35,"column":5}},"11":{"start":{"line":22,"column":24},"end":{"line":27,"column":10}},"12":{"start":{"line":32,"column":8},"end":{"line":32,"column":84}},"13":{"start":{"line":34,"column":8},"end":{"line":34,"column":77}},"14":{"start":{"line":38,"column":24},"end":{"line":54,"column":1}},"15":{"start":{"line":39,"column":26},"end":{"line":39,"column":34}},"16":{"start":{"line":41,"column":4},"end":{"line":53,"column":5}},"17":{"start":{"line":42,"column":24},"end":{"line":45,"column":10}},"18":{"start":{"line":47,"column":25},"end":{"line":47,"column":96}},"19":{"start":{"line":48,"column":8},"end":{"line":48,"column":111}},"20":{"start":{"line":50,"column":8},"end":{"line":50,"column":85}},"21":{"start":{"line":52,"column":8},"end":{"line":52,"column":78}},"22":{"start":{"line":56,"column":0},"end":{"line":56,"column":68}}},"fnMap":{"0":{"name":"(anonymous_0)","decl":{"start":{"line":6,"column":23},"end":{"line":6,"column":24}},"loc":{"start":{"line":6,"column":43},"end":{"line":17,"column":1}},"line":6},"1":{"name":"(anonymous_1)","decl":{"start":{"line":19,"column":22},"end":{"line":19,"column":23}},"loc":{"start":{"line":19,"column":41},"end":{"line":36,"column":1}},"line":19},"2":{"name":"(anonymous_2)","decl":{"start":{"line":38,"column":24},"end":{"line":38,"column":25}},"loc":{"start":{"line":38,"column":44},"end":{"line":54,"column":1}},"line":38}},"branchMap":{},"s":{"0":2,"1":2,"2":2,"3":2,"4":1,"5":1,"6":1,"7":0,"8":2,"9":1,"10":1,"11":1,"12":1,"13":0,"14":2,"15":1,"16":1,"17":1,"18":1,"19":1,"20":1,"21":0,"22":2},"f":{"0":1,"1":1,"2":1},"b":{},"_coverageSchema":"1a1c01bbd47fc00a2c39e90264f33305004495a9","hash":"98bd488496d9b99c2aea02b1f143072b8e6eae25"}
,"C:\\Users\\e040042\\Documents\\Boootcamp_files\\CaseStudy project\\caseStudy_v3\\casestudy_backend\\authentication_service\\middleware\\authmiddleware.js": {"path":"C:\\Users\\e040042\\Documents\\Boootcamp_files\\CaseStudy project\\caseStudy_v3\\casestudy_backend\\authentication_service\\middleware\\authmiddleware.js","statementMap":{"0":{"start":{"line":1,"column":12},"end":{"line":1,"column":35}},"1":{"start":{"line":3,"column":23},"end":{"line":16,"column":1}},"2":{"start":{"line":4,"column":18},"end":{"line":4,"column":46}},"3":{"start":{"line":5,"column":4},"end":{"line":7,"column":5}},"4":{"start":{"line":6,"column":8},"end":{"line":6,"column":70}},"5":{"start":{"line":9,"column":4},"end":{"line":15,"column":7}},"6":{"start":{"line":10,"column":8},"end":{"line":12,"column":9}},"7":{"start":{"line":11,"column":12},"end":{"line":11,"column":85}},"8":{"start":{"line":13,"column":8},"end":{"line":13,"column":36}},"9":{"start":{"line":14,"column":8},"end":{"line":14,"column":15}},"10":{"start":{"line":18,"column":0},"end":{"line":18,"column":32}}},"fnMap":{"0":{"name":"(anonymous_0)","decl":{"start":{"line":3,"column":23},"end":{"line":3,"column":24}},"loc":{"start":{"line":3,"column":43},"end":{"line":16,"column":1}},"line":3},"1":{"name":"(anonymous_1)","decl":{"start":{"line":9,"column":46},"end":{"line":9,"column":47}},"loc":{"start":{"line":9,"column":64},"end":{"line":15,"column":5}},"line":9}},"branchMap":{"0":{"loc":{"start":{"line":5,"column":4},"end":{"line":7,"column":5}},"type":"if","locations":[{"start":{"line":5,"column":4},"end":{"line":7,"column":5}},{"start":{},"end":{}}],"line":5},"1":{"loc":{"start":{"line":10,"column":8},"end":{"line":12,"column":9}},"type":"if","locations":[{"start":{"line":10,"column":8},"end":{"line":12,"column":9}},{"start":{},"end":{}}],"line":10}},"s":{"0":2,"1":2,"2":0,"3":0,"4":0,"5":0,"6":0,"7":0,"8":0,"9":0,"10":2},"f":{"0":0,"1":0},"b":{"0":[0,0],"1":[0,0]},"_coverageSchema":"1a1c01bbd47fc00a2c39e90264f33305004495a9","hash":"2e510759288ddc1b08c92697b79d21104817f605"}
,"C:\\Users\\e040042\\Documents\\Boootcamp_files\\CaseStudy project\\caseStudy_v3\\casestudy_backend\\authentication_service\\routes\\authroutes.js": {"path":"C:\\Users\\e040042\\Documents\\Boootcamp_files\\CaseStudy project\\caseStudy_v3\\casestudy_backend\\authentication_service\\routes\\authroutes.js","statementMap":{"0":{"start":{"line":1,"column":16},"end":{"line":1,"column":34}},"1":{"start":{"line":2,"column":48},"end":{"line":2,"column":88}},"2":{"start":{"line":4,"column":15},"end":{"line":4,"column":31}},"3":{"start":{"line":6,"column":0},"end":{"line":6,"column":35}},"4":{"start":{"line":7,"column":0},"end":{"line":7,"column":29}},"5":{"start":{"line":8,"column":0},"end":{"line":8,"column":49}},"6":{"start":{"line":10,"column":0},"end":{"line":10,"column":24}}},"fnMap":{},"branchMap":{},"s":{"0":2,"1":2,"2":2,"3":2,"4":2,"5":2,"6":2},"f":{},"b":{},"_coverageSchema":"1a1c01bbd47fc00a2c39e90264f33305004495a9","hash":"b8750e54280d598432a63bc032ac875bd002b421"}
,"C:\\Users\\e040042\\Documents\\Boootcamp_files\\CaseStudy project\\caseStudy_v3\\casestudy_backend\\authentication_service\\routes\\serviceroutes.js": {"path":"C:\\Users\\e040042\\Documents\\Boootcamp_files\\CaseStudy project\\caseStudy_v3\\casestudy_backend\\authentication_service\\routes\\serviceroutes.js","statementMap":{"0":{"start":{"line":1,"column":16},"end":{"line":1,"column":34}},"1":{"start":{"line":2,"column":58},"end":{"line":2,"column":101}},"2":{"start":{"line":3,"column":23},"end":{"line":3,"column":62}},"3":{"start":{"line":5,"column":15},"end":{"line":5,"column":31}},"4":{"start":{"line":7,"column":0},"end":{"line":7,"column":47}},"5":{"start":{"line":8,"column":0},"end":{"line":8,"column":51}},"6":{"start":{"line":9,"column":0},"end":{"line":9,"column":43}},"7":{"start":{"line":11,"column":0},"end":{"line":11,"column":24}}},"fnMap":{},"branchMap":{},"s":{"0":2,"1":2,"2":2,"3":2,"4":2,"5":2,"6":2,"7":2},"f":{},"b":{},"_coverageSchema":"1a1c01bbd47fc00a2c39e90264f33305004495a9","hash":"ae44e2402b24a986d8c068b0554d23b0092165df"}
,"C:\\Users\\e040042\\Documents\\Boootcamp_files\\CaseStudy project\\caseStudy_v3\\casestudy_backend\\authentication_service\\utils\\emailservice.js": {"path":"C:\\Users\\e040042\\Documents\\Boootcamp_files\\CaseStudy project\\caseStudy_v3\\casestudy_backend\\authentication_service\\utils\\emailservice.js","statementMap":{"0":{"start":{"line":1,"column":19},"end":{"line":1,"column":40}},"1":{"start":{"line":2,"column":0},"end":{"line":2,"column":27}},"2":{"start":{"line":4,"column":20},"end":{"line":10,"column":2}},"3":{"start":{"line":13,"column":25},"end":{"line":30,"column":1}},"4":{"start":{"line":14,"column":4},"end":{"line":14,"column":45}},"5":{"start":{"line":15,"column":4},"end":{"line":29,"column":5}},"6":{"start":{"line":16,"column":8},"end":{"line":16,"column":44}},"7":{"start":{"line":17,"column":8},"end":{"line":17,"column":44}},"8":{"start":{"line":19,"column":21},"end":{"line":24,"column":10}},"9":{"start":{"line":26,"column":8},"end":{"line":26,"column":54}},"10":{"start":{"line":28,"column":8},"end":{"line":28,"column":53}},"11":{"start":{"line":32,"column":0},"end":{"line":32,"column":34}}},"fnMap":{"0":{"name":"(anonymous_0)","decl":{"start":{"line":13,"column":25},"end":{"line":13,"column":26}},"loc":{"start":{"line":13,"column":53},"end":{"line":30,"column":1}},"line":13}},"branchMap":{},"s":{"0":2,"1":2,"2":2,"3":2,"4":2,"5":2,"6":2,"7":2,"8":2,"9":2,"10":0,"11":2},"f":{"0":2},"b":{},"_coverageSchema":"1a1c01bbd47fc00a2c39e90264f33305004495a9","hash":"5b5e2feeb0d57e1637bdaefc3ef1f831c76db50e"}
}
