TN:
SF:app.js
FNF:0
FNH:0
DA:1,2
DA:2,2
DA:3,2
DA:4,2
DA:5,2
DA:6,2
DA:7,2
DA:8,2
DA:9,2
DA:10,2
DA:11,2
DA:13,2
DA:14,2
DA:15,2
DA:16,2
DA:17,2
LF:16
LH:16
BRF:0
BRH:0
end_of_record
TN:
SF:controllers\admincontroller.js
FN:10,(anonymous_0)
FN:34,(anonymous_1)
FNF:2
FNH:2
FNDA:2,(anonymous_0)
FNDA:2,(anonymous_1)
DA:1,2
DA:2,2
DA:3,2
DA:4,2
DA:6,2
DA:7,2
DA:10,2
DA:11,2
DA:13,2
DA:15,2
DA:16,2
DA:17,1
DA:21,1
DA:22,1
DA:26,1
DA:28,0
DA:29,0
DA:34,2
DA:35,2
DA:37,2
DA:39,2
DA:40,2
DA:41,0
DA:45,2
DA:46,2
DA:47,1
DA:51,1
DA:53,1
DA:55,0
DA:56,0
DA:60,2
LF:31
LH:26
BRDA:16,0,0,1
BRDA:16,0,1,1
BRDA:40,1,0,0
BRDA:40,1,1,2
BRDA:46,2,0,1
BRDA:46,2,1,1
BRF:6
BRH:5
end_of_record
TN:
SF:controllers\authcontroller.js
FN:9,(anonymous_0)
FN:43,(anonymous_1)
FN:64,(anonymous_2)
FNF:3
FNH:3
FNDA:1,(anonymous_0)
FNDA:1,(anonymous_1)
FNDA:1,(anonymous_2)
DA:2,2
DA:3,2
DA:4,2
DA:5,2
DA:7,2
DA:9,2
DA:10,1
DA:11,1
DA:12,1
DA:15,1
DA:17,1
DA:30,1
DA:32,1
DA:33,1
DA:35,1
DA:38,0
DA:39,0
DA:43,2
DA:44,1
DA:45,1
DA:46,1
DA:48,1
DA:49,0
DA:52,1
DA:53,0
DA:56,1
DA:57,1
DA:59,0
DA:60,0
DA:64,2
DA:65,1
DA:66,1
DA:67,1
DA:69,1
DA:70,0
DA:73,1
DA:74,1
DA:79,1
DA:82,0
DA:85,0
DA:86,0
DA:90,2
LF:42
LH:32
BRDA:48,0,0,0
BRDA:48,0,1,1
BRDA:48,1,0,1
BRDA:48,1,1,1
BRDA:52,2,0,0
BRDA:52,2,1,1
BRDA:69,3,0,0
BRDA:69,3,1,1
BRDA:73,4,0,1
BRDA:73,4,1,0
BRF:10
BRH:6
end_of_record
TN:
SF:controllers\documentcontroller.js
FN:12,(anonymous_0)
FN:19,(anonymous_1)
FN:27,(anonymous_2)
FN:45,(anonymous_3)
FNF:4
FNH:4
FNDA:1,(anonymous_0)
FNDA:1,(anonymous_1)
FNDA:1,(anonymous_2)
FNDA:1,(anonymous_3)
DA:1,2
DA:2,2
DA:3,2
DA:4,2
DA:5,2
DA:7,2
DA:8,2
DA:11,2
DA:13,1
DA:14,1
DA:15,0
DA:17,1
DA:20,1
DA:24,2
DA:27,2
DA:28,1
DA:29,1
DA:30,1
DA:37,1
DA:39,0
DA:40,0
DA:45,2
DA:46,1
DA:47,1
DA:48,1
DA:49,1
DA:50,0
DA:51,0
DA:54,1
DA:55,1
DA:57,1
DA:59,0
DA:60,0
DA:64,2
LF:34
LH:27
BRDA:14,0,0,0
BRDA:14,0,1,1
BRDA:49,1,0,0
BRDA:49,1,1,1
BRF:4
BRH:2
end_of_record
TN:
SF:controllers\servicecontroller.js
FN:6,(anonymous_0)
FN:19,(anonymous_1)
FN:38,(anonymous_2)
FNF:3
FNH:3
FNDA:1,(anonymous_0)
FNDA:1,(anonymous_1)
FNDA:1,(anonymous_2)
DA:2,2
DA:3,2
DA:4,2
DA:6,2
DA:7,1
DA:8,1
DA:13,1
DA:15,0
DA:19,2
DA:20,1
DA:21,1
DA:22,1
DA:32,1
DA:34,0
DA:38,2
DA:39,1
DA:41,1
DA:42,1
DA:47,1
DA:48,1
DA:50,1
DA:52,0
DA:56,2
LF:23
LH:20
BRF:0
BRH:0
end_of_record
TN:
SF:middleware\authmiddleware.js
FN:3,(anonymous_0)
FN:9,(anonymous_1)
FNF:2
FNH:0
FNDA:0,(anonymous_0)
FNDA:0,(anonymous_1)
DA:1,2
DA:3,2
DA:4,0
DA:5,0
DA:6,0
DA:9,0
DA:10,0
DA:11,0
DA:13,0
DA:14,0
DA:18,2
LF:11
LH:3
BRDA:5,0,0,0
BRDA:5,0,1,0
BRDA:10,1,0,0
BRDA:10,1,1,0
BRF:4
BRH:0
end_of_record
TN:
SF:routes\authroutes.js
FNF:0
FNH:0
DA:1,2
DA:2,2
DA:4,2
DA:6,2
DA:7,2
DA:8,2
DA:10,2
LF:7
LH:7
BRF:0
BRH:0
end_of_record
TN:
SF:routes\serviceroutes.js
FNF:0
FNH:0
DA:1,2
DA:2,2
DA:3,2
DA:5,2
DA:7,2
DA:8,2
DA:9,2
DA:11,2
LF:8
LH:8
BRF:0
BRH:0
end_of_record
TN:
SF:utils\emailservice.js
FN:13,(anonymous_0)
FNF:1
FNH:1
FNDA:2,(anonymous_0)
DA:1,2
DA:2,2
DA:4,2
DA:13,2
DA:14,2
DA:15,2
DA:16,2
DA:17,2
DA:19,2
DA:26,2
DA:28,0
DA:32,2
LF:12
LH:11
BRF:0
BRH:0
end_of_record
